<?xml version="1.0" encoding="UTF-8"?>
<!-- Generated by org.testng.reporters.JUnitReportReporter -->
<testsuite hostname="Mahesh" failures="0" tests="1" name="cucumberOptions.TestNGRunner" time="19.982" errors="0" timestamp="2025-04-09T08:23:32 BST" skipped="0">
  <testcase classname="cucumberOptions.TestNGRunner" name="runScenario" time="19.982"/>
</testsuite> <!-- cucumberOptions.TestNGRunner -->
